<?xml version="1.0" encoding="UTF-8"?>
<!-- Generated by org.testng.reporters.JUnitReportReporter -->
<testsuite hostname="LT7850" failures="0" tests="2" name="cucumberOptions.TestRunner" time="0.072" errors="0" timestamp="03 Apr 2022 15:18:05 GMT" skipped="0">
  <testcase classname="cucumberOptions.TestRunner" name="runScenario" time="0.068"/>
  <testcase classname="cucumberOptions.TestRunner" name="runScenario" time="0.004"/>
</testsuite> <!-- cucumberOptions.TestRunner -->
