<?xml version="1.0" encoding="UTF-8"?>
<!-- Generated by org.testng.reporters.JUnitReportReporter -->
<testsuite hostname="LT7850" failures="0" tests="2" name="cucumberOptions.TestRunner" time="8.250" errors="0" timestamp="2022-03-20T03:47:11 IST" skipped="0">
  <testcase classname="cucumberOptions.TestRunner" name="runScenario" time="3.036"/>
  <system-out/>
  <testcase classname="cucumberOptions.TestRunner" name="runScenario" time="5.214"/>
  <system-out/>
</testsuite> <!-- cucumberOptions.TestRunner -->
