<?xml version="1.0" encoding="UTF-8"?>
<!-- Generated by org.testng.reporters.JUnitReportReporter -->
<testsuite hostname="LT7850" failures="0" tests="2" name="DynamicJson" time="1.654" errors="0" timestamp="2022-05-09T22:46:43 IST" skipped="0">
  <testcase classname="DynamicJson" name="addBook" time="0.146"/>
  <system-out/>
  <testcase classname="DynamicJson" name="addBook" time="1.508"/>
  <system-out/>
</testsuite> <!-- DynamicJson -->
